<?xml version="1.0" encoding="UTF-8"?>
<testsuite name="regression Test"
           tests="3"
           failures="1"
           errors="0"
           skipped="0"
           time="56.189">
  <properties />
            <testcase name="verifyUserShouldLoginSuccessfully" time="45.608" classname="com.nopcommerce.demo.testsuite.LoginTest">
                <failure type="org.openqa.selenium.json.JsonException"
                  message="java.lang.reflect.InvocationTargetException
Build info: version: &apos;3.141.59&apos;, revision: &apos;e82be7d358&apos;, time: &apos;2018-11-14T08:17:03&apos;
System info: host: &apos;LAPTOP-J36EAJNM&apos;, ip: &apos;10.75.107.250&apos;, os.name: &apos;Windows 10&apos;, os.arch: &apos;amd64&apos;, os.version: &apos;10.0&apos;, java.version: &apos;1.8.0_121&apos;
Driver info: driver.version: RemoteWebDriver"
              >
<![CDATA[org.openqa.selenium.json.JsonException: java.lang.reflect.InvocationTargetException
Build info: version: '3.141.59', revision: 'e82be7d358', time: '2018-11-14T08:17:03'
System info: host: 'LAPTOP-J36EAJNM', ip: '10.75.107.250', os.name: 'Windows 10', os.arch: 'amd64', os.version: '10.0', java.version: '1.8.0_121'
Driver info: driver.version: RemoteWebDriver
  org.openqa.selenium.json.JsonOutput.convertUsingMethod(JsonOutput.java:332)
  org.openqa.selenium.json.JsonOutput.lambda$new$16(JsonOutput.java:155)
  org.openqa.selenium.json.JsonOutput.write(JsonOutput.java:264)
  org.openqa.selenium.json.JsonOutput.lambda$null$21(JsonOutput.java:168)
  java.util.LinkedHashMap$LinkedValues.forEach(LinkedHashMap.java:608)
  org.openqa.selenium.json.JsonOutput.lambda$new$22(JsonOutput.java:168)
  org.openqa.selenium.json.JsonOutput.write(JsonOutput.java:264)
  org.openqa.selenium.json.JsonOutput.lambda$null$23(JsonOutput.java:177)
  com.google.common.collect.SingletonImmutableBiMap.forEach(SingletonImmutableBiMap.java:65)
  org.openqa.selenium.json.JsonOutput.lambda$new$24(JsonOutput.java:176)
  org.openqa.selenium.json.JsonOutput.write(JsonOutput.java:264)
  org.openqa.selenium.json.JsonOutput.write(JsonOutput.java:255)
  org.openqa.selenium.json.Json.toJson(Json.java:42)
  org.openqa.selenium.remote.http.AbstractHttpCommandCodec.encode(AbstractHttpCommandCodec.java:227)
  org.openqa.selenium.remote.http.AbstractHttpCommandCodec.encode(AbstractHttpCommandCodec.java:117)
  org.openqa.selenium.remote.HttpCommandExecutor.execute(HttpCommandExecutor.java:152)
  org.openqa.selenium.remote.service.DriverCommandExecutor.execute(DriverCommandExecutor.java:83)
  org.openqa.selenium.remote.RemoteWebDriver.execute(RemoteWebDriver.java:552)
  org.openqa.selenium.remote.RemoteWebDriver.perform(RemoteWebDriver.java:618)
  org.openqa.selenium.interactions.Actions$BuiltAction.perform(Actions.java:639)
  org.openqa.selenium.interactions.Actions.perform(Actions.java:595)
  com.nopcommerce.demo.utility.Utility.mouseHoverToElement(Utility.java:78)
  com.nopcommerce.demo.pages.LoginPage.getHomePageText(LoginPage.java:82)
  com.nopcommerce.demo.testsuite.LoginTest.verifyUserShouldLoginSuccessfully(LoginTest.java:37)
  sun.reflect.NativeMethodAccessorImpl.invoke0(Native Method)
  sun.reflect.NativeMethodAccessorImpl.invoke(NativeMethodAccessorImpl.java:62)
  sun.reflect.DelegatingMethodAccessorImpl.invoke(DelegatingMethodAccessorImpl.java:43)
  java.lang.reflect.Method.invoke(Method.java:498)
  org.testng.internal.MethodInvocationHelper.invokeMethod(MethodInvocationHelper.java:124)
  org.testng.internal.Invoker.invokeMethod(Invoker.java:583)
  org.testng.internal.Invoker.invokeTestMethod(Invoker.java:719)
  org.testng.internal.Invoker.invokeTestMethods(Invoker.java:989)
  org.testng.internal.TestMethodWorker.invokeTestMethods(TestMethodWorker.java:125)
  org.testng.internal.TestMethodWorker.run(TestMethodWorker.java:109)
  org.testng.TestRunner.privateRun(TestRunner.java:648)
  org.testng.TestRunner.run(TestRunner.java:505)
  org.testng.SuiteRunner.runTest(SuiteRunner.java:455)
  org.testng.SuiteRunner.runSequentially(SuiteRunner.java:450)
  org.testng.SuiteRunner.privateRun(SuiteRunner.java:415)
  org.testng.SuiteRunner.run(SuiteRunner.java:364)
  org.testng.SuiteRunnerWorker.runSuite(SuiteRunnerWorker.java:52)
  org.testng.SuiteRunnerWorker.run(SuiteRunnerWorker.java:84)
  org.testng.TestNG.runSuitesSequentially(TestNG.java:1208)
  org.testng.TestNG.runSuitesLocally(TestNG.java:1137)
  org.testng.TestNG.runSuites(TestNG.java:1049)
  org.testng.TestNG.run(TestNG.java:1017)
  com.intellij.rt.testng.IDEARemoteTestNG.run(IDEARemoteTestNG.java:66)
  com.intellij.rt.testng.RemoteTestNGStarter.main(RemoteTestNGStarter.java:109)
Caused by: java.lang.reflect.InvocationTargetException
  sun.reflect.NativeMethodAccessorImpl.invoke0(Native Method)
  sun.reflect.NativeMethodAccessorImpl.invoke(NativeMethodAccessorImpl.java:62)
  sun.reflect.DelegatingMethodAccessorImpl.invoke(DelegatingMethodAccessorImpl.java:43)
  java.lang.reflect.Method.invoke(Method.java:498)
  org.openqa.selenium.json.JsonOutput.convertUsingMethod(JsonOutput.java:328)
  org.openqa.selenium.json.JsonOutput.lambda$new$16(JsonOutput.java:155)
  org.openqa.selenium.json.JsonOutput.write(JsonOutput.java:264)
  org.openqa.selenium.json.JsonOutput.lambda$null$21(JsonOutput.java:168)
  java.util.LinkedHashMap$LinkedValues.forEach(LinkedHashMap.java:608)
  org.openqa.selenium.json.JsonOutput.lambda$new$22(JsonOutput.java:168)
  org.openqa.selenium.json.JsonOutput.write(JsonOutput.java:264)
  org.openqa.selenium.json.JsonOutput.lambda$null$23(JsonOutput.java:177)
  com.google.common.collect.SingletonImmutableBiMap.forEach(SingletonImmutableBiMap.java:65)
  org.openqa.selenium.json.JsonOutput.lambda$new$24(JsonOutput.java:176)
  org.openqa.selenium.json.JsonOutput.write(JsonOutput.java:264)
  org.openqa.selenium.json.JsonOutput.write(JsonOutput.java:255)
  org.openqa.selenium.json.Json.toJson(Json.java:42)
  org.openqa.selenium.remote.http.AbstractHttpCommandCodec.encode(AbstractHttpCommandCodec.java:227)
  org.openqa.selenium.remote.http.AbstractHttpCommandCodec.encode(AbstractHttpCommandCodec.java:117)
  org.openqa.selenium.remote.HttpCommandExecutor.execute(HttpCommandExecutor.java:152)
  org.openqa.selenium.remote.service.DriverCommandExecutor.execute(DriverCommandExecutor.java:83)
  org.openqa.selenium.remote.RemoteWebDriver.execute(RemoteWebDriver.java:552)
  org.openqa.selenium.remote.RemoteWebDriver.perform(RemoteWebDriver.java:618)
  org.openqa.selenium.interactions.Actions$BuiltAction.perform(Actions.java:639)
  org.openqa.selenium.interactions.Actions.perform(Actions.java:595)
  com.nopcommerce.demo.utility.Utility.mouseHoverToElement(Utility.java:78)
  com.nopcommerce.demo.pages.LoginPage.getHomePageText(LoginPage.java:82)
  com.nopcommerce.demo.testsuite.LoginTest.verifyUserShouldLoginSuccessfully(LoginTest.java:37)
  sun.reflect.NativeMethodAccessorImpl.invoke0(Native Method)
  sun.reflect.NativeMethodAccessorImpl.invoke(NativeMethodAccessorImpl.java:62)
  sun.reflect.DelegatingMethodAccessorImpl.invoke(DelegatingMethodAccessorImpl.java:43)
  java.lang.reflect.Method.invoke(Method.java:498)
  org.testng.internal.MethodInvocationHelper.invokeMethod(MethodInvocationHelper.java:124)
  org.testng.internal.Invoker.invokeMethod(Invoker.java:583)
  org.testng.internal.Invoker.invokeTestMethod(Invoker.java:719)
  org.testng.internal.Invoker.invokeTestMethods(Invoker.java:989)
  org.testng.internal.TestMethodWorker.invokeTestMethods(TestMethodWorker.java:125)
  org.testng.internal.TestMethodWorker.run(TestMethodWorker.java:109)
  org.testng.TestRunner.privateRun(TestRunner.java:648)
  org.testng.TestRunner.run(TestRunner.java:505)
  org.testng.SuiteRunner.runTest(SuiteRunner.java:455)
  org.testng.SuiteRunner.runSequentially(SuiteRunner.java:450)
  org.testng.SuiteRunner.privateRun(SuiteRunner.java:415)
  org.testng.SuiteRunner.run(SuiteRunner.java:364)
  org.testng.SuiteRunnerWorker.runSuite(SuiteRunnerWorker.java:52)
  org.testng.SuiteRunnerWorker.run(SuiteRunnerWorker.java:84)
  org.testng.TestNG.runSuitesSequentially(TestNG.java:1208)
  org.testng.TestNG.runSuitesLocally(TestNG.java:1137)
  org.testng.TestNG.runSuites(TestNG.java:1049)
  org.testng.TestNG.run(TestNG.java:1017)
  com.intellij.rt.testng.IDEARemoteTestNG.run(IDEARemoteTestNG.java:66)
  com.intellij.rt.testng.RemoteTestNGStarter.main(RemoteTestNGStarter.java:109)
Caused by: org.openqa.selenium.NoSuchElementException: Cannot locate an element using xpath=//h2[text()='Welcome to our store']
For documentation on this error, please visit: https://www.seleniumhq.org/exceptions/no_such_element.html
Build info: version: '3.141.59', revision: 'e82be7d358', time: '2018-11-14T08:17:03'
System info: host: 'LAPTOP-J36EAJNM', ip: '10.75.107.250', os.name: 'Windows 10', os.arch: 'amd64', os.version: '10.0', java.version: '1.8.0_121'
Driver info: driver.version: RemoteWebDriver
  org.openqa.selenium.remote.RemoteWebDriver.findElement(RemoteWebDriver.java:327)
  org.openqa.selenium.remote.RemoteWebDriver.findElementByXPath(RemoteWebDriver.java:428)
  org.openqa.selenium.By$ByXPath.findElement(By.java:353)
  org.openqa.selenium.remote.RemoteWebDriver.findElement(RemoteWebDriver.java:315)
  org.openqa.selenium.support.pagefactory.DefaultElementLocator.findElement(DefaultElementLocator.java:69)
  org.openqa.selenium.support.pagefactory.internal.LocatingElementHandler.invoke(LocatingElementHandler.java:38)
  com.sun.proxy.$Proxy8.getWrappedElement(Unknown Source)
  org.openqa.selenium.interactions.PointerInput$Origin.asArg(PointerInput.java:204)
  org.openqa.selenium.interactions.PointerInput$Move.encode(PointerInput.java:155)
  org.openqa.selenium.interactions.Sequence.encode(Sequence.java:75)
  org.openqa.selenium.interactions.Sequence.toJson(Sequence.java:84)
  sun.reflect.NativeMethodAccessorImpl.invoke0(Native Method)
  sun.reflect.NativeMethodAccessorImpl.invoke(NativeMethodAccessorImpl.java:62)
  sun.reflect.DelegatingMethodAccessorImpl.invoke(DelegatingMethodAccessorImpl.java:43)
  java.lang.reflect.Method.invoke(Method.java:498)
  org.openqa.selenium.json.JsonOutput.convertUsingMethod(JsonOutput.java:328)
  org.openqa.selenium.json.JsonOutput.lambda$new$16(JsonOutput.java:155)
  org.openqa.selenium.json.JsonOutput.write(JsonOutput.java:264)
  org.openqa.selenium.json.JsonOutput.lambda$null$21(JsonOutput.java:168)
  java.util.LinkedHashMap$LinkedValues.forEach(LinkedHashMap.java:608)
  org.openqa.selenium.json.JsonOutput.lambda$new$22(JsonOutput.java:168)
  org.openqa.selenium.json.JsonOutput.write(JsonOutput.java:264)
  org.openqa.selenium.json.JsonOutput.lambda$null$23(JsonOutput.java:177)
  com.google.common.collect.SingletonImmutableBiMap.forEach(SingletonImmutableBiMap.java:65)
  org.openqa.selenium.json.JsonOutput.lambda$new$24(JsonOutput.java:176)
  org.openqa.selenium.json.JsonOutput.write(JsonOutput.java:264)
  org.openqa.selenium.json.JsonOutput.write(JsonOutput.java:255)
  org.openqa.selenium.json.Json.toJson(Json.java:42)
  org.openqa.selenium.remote.http.AbstractHttpCommandCodec.encode(AbstractHttpCommandCodec.java:227)
  org.openqa.selenium.remote.http.AbstractHttpCommandCodec.encode(AbstractHttpCommandCodec.java:117)
  org.openqa.selenium.remote.HttpCommandExecutor.execute(HttpCommandExecutor.java:152)
  org.openqa.selenium.remote.service.DriverCommandExecutor.execute(DriverCommandExecutor.java:83)
  org.openqa.selenium.remote.RemoteWebDriver.execute(RemoteWebDriver.java:552)
  org.openqa.selenium.remote.RemoteWebDriver.perform(RemoteWebDriver.java:618)
  org.openqa.selenium.interactions.Actions$BuiltAction.perform(Actions.java:639)
  org.openqa.selenium.interactions.Actions.perform(Actions.java:595)
  com.nopcommerce.demo.utility.Utility.mouseHoverToElement(Utility.java:78)
  com.nopcommerce.demo.pages.LoginPage.getHomePageText(LoginPage.java:82)
  com.nopcommerce.demo.testsuite.LoginTest.verifyUserShouldLoginSuccessfully(LoginTest.java:37)
  sun.reflect.NativeMethodAccessorImpl.invoke0(Native Method)
  sun.reflect.NativeMethodAccessorImpl.invoke(NativeMethodAccessorImpl.java:62)
  sun.reflect.DelegatingMethodAccessorImpl.invoke(DelegatingMethodAccessorImpl.java:43)
  java.lang.reflect.Method.invoke(Method.java:498)
  org.testng.internal.MethodInvocationHelper.invokeMethod(MethodInvocationHelper.java:124)
  org.testng.internal.Invoker.invokeMethod(Invoker.java:583)
  org.testng.internal.Invoker.invokeTestMethod(Invoker.java:719)
  org.testng.internal.Invoker.invokeTestMethods(Invoker.java:989)
  org.testng.internal.TestMethodWorker.invokeTestMethods(TestMethodWorker.java:125)
  org.testng.internal.TestMethodWorker.run(TestMethodWorker.java:109)
  org.testng.TestRunner.privateRun(TestRunner.java:648)
  org.testng.TestRunner.run(TestRunner.java:505)
  org.testng.SuiteRunner.runTest(SuiteRunner.java:455)
  org.testng.SuiteRunner.runSequentially(SuiteRunner.java:450)
  org.testng.SuiteRunner.privateRun(SuiteRunner.java:415)
  org.testng.SuiteRunner.run(SuiteRunner.java:364)
  org.testng.SuiteRunnerWorker.runSuite(SuiteRunnerWorker.java:52)
  org.testng.SuiteRunnerWorker.run(SuiteRunnerWorker.java:84)
  org.testng.TestNG.runSuitesSequentially(TestNG.java:1208)
  org.testng.TestNG.runSuitesLocally(TestNG.java:1137)
  org.testng.TestNG.runSuites(TestNG.java:1049)
  org.testng.TestNG.run(TestNG.java:1017)
  com.intellij.rt.testng.IDEARemoteTestNG.run(IDEARemoteTestNG.java:66)
  com.intellij.rt.testng.RemoteTestNGStarter.main(RemoteTestNGStarter.java:109)
]]>
      </failure>

          </testcase>
  
  
            <testcase name="verifyUserShouldNotLoginWithInvalidCredentials" time="9.072" classname="com.nopcommerce.demo.testsuite.LoginTest" />
                <testcase name="verifyUserShouldNavigateToLoginPage" time="1.509" classname="com.nopcommerce.demo.testsuite.LoginTest" />
      
</testsuite>
